Release 14.7 - xst P.20131013 (nt64)
Copyright (c) 1995-2013 Xilinx, Inc.  All rights reserved.
--> Parameter TMPDIR set to xst/projnav.tmp


Total REAL time to Xst completion: 0.00 secs
Total CPU time to Xst completion: 0.06 secs
 
--> Parameter xsthdpdir set to xst


Total REAL time to Xst completion: 0.00 secs
Total CPU time to Xst completion: 0.06 secs
 
--> Reading design: clockmodule.prj

TABLE OF CONTENTS
  1) Synthesis Options Summary
  2) HDL Compilation
  3) Design Hierarchy Analysis
  4) HDL Analysis
  5) HDL Synthesis
     5.1) HDL Synthesis Report
  6) Advanced HDL Synthesis
     6.1) Advanced HDL Synthesis Report
  7) Low Level Synthesis
  8) Partition Report
  9) Final Report
	9.1) Device utilization summary
	9.2) Partition Resource Summary
	9.3) TIMING REPORT


=========================================================================
*                      Synthesis Options Summary                        *
=========================================================================
---- Source Parameters
Input File Name                    : "clockmodule.prj"
Input Format                       : mixed
Ignore Synthesis Constraint File   : NO

---- Target Parameters
Output File Name                   : "clockmodule"
Output Format                      : NGC
Target Device                      : xc3s1000-4-ft256

---- Source Options
Top Module Name                    : clockmodule
Automatic FSM Extraction           : YES
FSM Encoding Algorithm             : Auto
Safe Implementation                : No
FSM Style                          : LUT
RAM Extraction                     : Yes
RAM Style                          : Auto
ROM Extraction                     : Yes
Mux Style                          : Auto
Decoder Extraction                 : YES
Priority Encoder Extraction        : Yes
Shift Register Extraction          : YES
Logical Shifter Extraction         : YES
XOR Collapsing                     : YES
ROM Style                          : Auto
Mux Extraction                     : Yes
Resource Sharing                   : YES
Asynchronous To Synchronous        : NO
Multiplier Style                   : Auto
Automatic Register Balancing       : No

---- Target Options
Add IO Buffers                     : YES
Global Maximum Fanout              : 500
Add Generic Clock Buffer(BUFG)     : 8
Register Duplication               : YES
Slice Packing                      : YES
Optimize Instantiated Primitives   : NO
Use Clock Enable                   : Yes
Use Synchronous Set                : Yes
Use Synchronous Reset              : Yes
Pack IO Registers into IOBs        : Auto
Equivalent register Removal        : YES

---- General Options
Optimization Goal                  : Speed
Optimization Effort                : 1
Keep Hierarchy                     : No
Netlist Hierarchy                  : As_Optimized
RTL Output                         : Yes
Global Optimization                : AllClockNets
Read Cores                         : YES
Write Timing Constraints           : NO
Cross Clock Analysis               : NO
Hierarchy Separator                : /
Bus Delimiter                      : <>
Case Specifier                     : Maintain
Slice Utilization Ratio            : 100
BRAM Utilization Ratio             : 100
Verilog 2001                       : YES
Auto BRAM Packing                  : NO
Slice Utilization Ratio Delta      : 5

=========================================================================


=========================================================================
*                          HDL Compilation                              *
=========================================================================
Compiling vhdl file "C:/Users/Andrew/Documents/ISE Projects/VGA/vga_640x480.vhd" in Library work.
Architecture behavioral of Entity clockmodule is up to date.

=========================================================================
*                     Design Hierarchy Analysis                         *
=========================================================================
Analyzing hierarchy for entity <clockmodule> in library <work> (architecture <behavioral>).


=========================================================================
*                            HDL Analysis                               *
=========================================================================
Analyzing Entity <clockmodule> in library <work> (Architecture <behavioral>).
Entity <clockmodule> analyzed. Unit <clockmodule> generated.


=========================================================================
*                           HDL Synthesis                               *
=========================================================================

Performing bidirectional port resolution...

Synthesizing Unit <clockmodule>.
    Related source file is "C:/Users/Andrew/Documents/ISE Projects/VGA/vga_640x480.vhd".
    Found 1-bit register for signal <red_out>.
    Found 1-bit register for signal <green_out>.
    Found 1-bit register for signal <blue_out>.
    Found 1-bit register for signal <hs_out>.
    Found 1-bit register for signal <vs_out>.
    Found 1-bit register for signal <clk25>.
    Found 10-bit up counter for signal <horizontal_counter>.
    Found 10-bit comparator greater for signal <hs_out$cmp_gt0000> created at line 54.
    Found 10-bit comparator less for signal <hs_out$cmp_lt0000> created at line 54.
    Found 10-bit comparator greatequal for signal <red_out$cmp_ge0000> created at line 38.
    Found 10-bit comparator greatequal for signal <red_out$cmp_ge0001> created at line 38.
    Found 10-bit comparator less for signal <red_out$cmp_lt0000> created at line 38.
    Found 10-bit comparator less for signal <red_out$cmp_lt0001> created at line 38.
    Found 10-bit up counter for signal <vertical_counter>.
    Found 10-bit comparator greater for signal <vs_out$cmp_gt0000> created at line 61.
    Found 10-bit comparator less for signal <vs_out$cmp_lt0000> created at line 61.
    Summary:
	inferred   2 Counter(s).
	inferred   6 D-type flip-flop(s).
	inferred   8 Comparator(s).
Unit <clockmodule> synthesized.


=========================================================================
HDL Synthesis Report

Macro Statistics
# Counters                                             : 2
 10-bit up counter                                     : 2
# Registers                                            : 6
 1-bit register                                        : 6
# Comparators                                          : 8
 10-bit comparator greatequal                          : 2
 10-bit comparator greater                             : 2
 10-bit comparator less                                : 4

=========================================================================

=========================================================================
*                       Advanced HDL Synthesis                          *
=========================================================================


=========================================================================
Advanced HDL Synthesis Report

Macro Statistics
# Counters                                             : 2
 10-bit up counter                                     : 2
# Registers                                            : 6
 Flip-Flops                                            : 6
# Comparators                                          : 8
 10-bit comparator greatequal                          : 2
 10-bit comparator greater                             : 2
 10-bit comparator less                                : 4

=========================================================================

=========================================================================
*                         Low Level Synthesis                           *
=========================================================================

Optimizing unit <clockmodule> ...

Mapping all equations...
Building and optimizing final netlist ...
Found area constraint ratio of 100 (+ 5) on block clockmodule, actual ratio is 0.

Final Macro Processing ...

=========================================================================
Final Register Report

Macro Statistics
# Registers                                            : 26
 Flip-Flops                                            : 26

=========================================================================

=========================================================================
*                           Partition Report                            *
=========================================================================

Partition Implementation Status
-------------------------------

  No Partitions were found in this design.

-------------------------------

=========================================================================
*                            Final Report                               *
=========================================================================
Final Results
RTL Top Level Output File Name     : clockmodule.ngr
Top Level Output File Name         : clockmodule
Output Format                      : NGC
Optimization Goal                  : Speed
Keep Hierarchy                     : No

Design Statistics
# IOs                              : 6

Cell Usage :
# BELS                             : 87
#      GND                         : 1
#      INV                         : 2
#      LUT1                        : 18
#      LUT2                        : 4
#      LUT3                        : 3
#      LUT3_D                      : 1
#      LUT4                        : 12
#      LUT4_L                      : 7
#      MUXCY                       : 18
#      VCC                         : 1
#      XORCY                       : 20
# FlipFlops/Latches                : 26
#      FDR                         : 16
#      FDRE                        : 10
# Clock Buffers                    : 2
#      BUFG                        : 1
#      BUFGP                       : 1
# IO Buffers                       : 5
#      OBUF                        : 5
=========================================================================

Device utilization summary:
---------------------------

Selected Device : 3s1000ft256-4 

 Number of Slices:                       26  out of   7680     0%  
 Number of Slice Flip Flops:             26  out of  15360     0%  
 Number of 4 input LUTs:                 47  out of  15360     0%  
 Number of IOs:                           6
 Number of bonded IOBs:                   6  out of    173     3%  
 Number of GCLKs:                         2  out of      8    25%  

---------------------------
Partition Resource Summary:
---------------------------

  No Partitions were found in this design.

---------------------------


=========================================================================
TIMING REPORT

NOTE: THESE TIMING NUMBERS ARE ONLY A SYNTHESIS ESTIMATE.
      FOR ACCURATE TIMING INFORMATION PLEASE REFER TO THE TRACE REPORT
      GENERATED AFTER PLACE-and-ROUTE.

Clock Information:
------------------
-----------------------------------+------------------------+-------+
Clock Signal                       | Clock buffer(FF name)  | Load  |
-----------------------------------+------------------------+-------+
clk50_in                           | BUFGP                  | 1     |
clk251                             | BUFG                   | 25    |
-----------------------------------+------------------------+-------+

Asynchronous Control Signals Information:
----------------------------------------
No asynchronous control signals found in this design

Timing Summary:
---------------
Speed Grade: -4

   Minimum period: 7.262ns (Maximum Frequency: 137.703MHz)
   Minimum input arrival time before clock: No path found
   Maximum output required time after clock: 7.165ns
   Maximum combinational path delay: No path found

Timing Detail:
--------------
All values displayed in nanoseconds (ns)

=========================================================================
Timing constraint: Default period analysis for Clock 'clk50_in'
  Clock period: 2.623ns (frequency: 381.243MHz)
  Total number of paths / destination ports: 1 / 1
-------------------------------------------------------------------------
Delay:               2.623ns (Levels of Logic = 0)
  Source:            clk25 (FF)
  Destination:       clk25 (FF)
  Source Clock:      clk50_in rising
  Destination Clock: clk50_in rising

  Data Path: clk25 to clk25
                                Gate     Net
    Cell:in->out      fanout   Delay   Delay  Logical Name (Net Name)
    ----------------------------------------  ------------
     FDR:C->Q              2   0.720   0.877  clk25 (clk251)
     FDR:R                     1.026          clk25
    ----------------------------------------
    Total                      2.623ns (1.746ns logic, 0.877ns route)
                                       (66.6% logic, 33.4% route)

=========================================================================
Timing constraint: Default period analysis for Clock 'clk251'
  Clock period: 7.262ns (frequency: 137.703MHz)
  Total number of paths / destination ports: 521 / 58
-------------------------------------------------------------------------
Delay:               7.262ns (Levels of Logic = 3)
  Source:            vertical_counter_8 (FF)
  Destination:       red_out (FF)
  Source Clock:      clk251 rising
  Destination Clock: clk251 rising

  Data Path: vertical_counter_8 to red_out
                                Gate     Net
    Cell:in->out      fanout   Delay   Delay  Logical Name (Net Name)
    ----------------------------------------  ------------
     FDRE:C->Q             5   0.720   1.260  vertical_counter_8 (vertical_counter_8)
     LUT3:I0->O            1   0.551   0.827  red_out_not0001611 (N111)
     LUT4:I3->O            1   0.551   0.869  red_out_not0001129 (red_out_not0001129)
     LUT4:I2->O            3   0.551   0.907  red_out_not0001153 (red_out_not0001)
     FDR:R                     1.026          red_out
    ----------------------------------------
    Total                      7.262ns (3.399ns logic, 3.863ns route)
                                       (46.8% logic, 53.2% route)

=========================================================================
Timing constraint: Default OFFSET OUT AFTER for Clock 'clk251'
  Total number of paths / destination ports: 5 / 5
-------------------------------------------------------------------------
Offset:              7.165ns (Levels of Logic = 1)
  Source:            blue_out (FF)
  Destination:       blue_out (PAD)
  Source Clock:      clk251 rising

  Data Path: blue_out to blue_out
                                Gate     Net
    Cell:in->out      fanout   Delay   Delay  Logical Name (Net Name)
    ----------------------------------------  ------------
     FDR:C->Q              1   0.720   0.801  blue_out (blue_out_OBUF)
     OBUF:I->O                 5.644          blue_out_OBUF (blue_out)
    ----------------------------------------
    Total                      7.165ns (6.364ns logic, 0.801ns route)
                                       (88.8% logic, 11.2% route)

=========================================================================


Total REAL time to Xst completion: 4.00 secs
Total CPU time to Xst completion: 3.92 secs
 
--> 

Total memory usage is 310356 kilobytes

Number of errors   :    0 (   0 filtered)
Number of warnings :    0 (   0 filtered)
Number of infos    :    0 (   0 filtered)

