#-----------------------------------------------------------
# PlanAhead v14.7 (64-bit)
# Build 321239 by xbuild on Fri Sep 27 19:29:51 MDT 2013
# Start of session at: Mon Nov 28 13:47:52 2016
# Process ID: 11200
# Log file: C:/Users/Andrew/Documents/ISE Projects/VGA/planAhead_run_1/planAhead.log
# Journal file: C:/Users/Andrew/Documents/ISE Projects/VGA/planAhead_run_1/planAhead.jou
#-----------------------------------------------------------
INFO: [Common 17-78] Attempting to get a license: PlanAhead
INFO: [Common 17-290] Got license for PlanAhead
INFO: [Device 21-36] Loading parts and site information from D:/Programs/Xilinx/14.7/ISE_DS/PlanAhead/data/parts/arch.xml
Parsing RTL primitives file [D:/Programs/Xilinx/14.7/ISE_DS/PlanAhead/data/parts/xilinx/rtl/prims/rtl_prims.xml]
Finished parsing RTL primitives file [D:/Programs/Xilinx/14.7/ISE_DS/PlanAhead/data/parts/xilinx/rtl/prims/rtl_prims.xml]
start_gui
source {C:/Users/Andrew/Documents/ISE Projects/VGA/pa.fromHdl.tcl}
# create_project -name VGA -dir "C:/Users/Andrew/Documents/ISE Projects/VGA/planAhead_run_3" -part xc3s1000ft256-4
# set_param project.pinAheadLayout yes
# set srcset [get_property srcset [current_run -impl]]
# set_property target_constrs_file "clockmodule.ucf" [current_fileset -constrset]
Adding file 'C:/Users/Andrew/Documents/ISE Projects/VGA/clockmodule.ucf' to fileset 'constrs_1'
# set hdlfile [add_files [list {vga_640x480.vhd}]]
# set_property file_type VHDL $hdlfile
# set_property library work $hdlfile
# set_property top clockmodule $srcset
# add_files [list {clockmodule.ucf}] -fileset [get_property constrset [current_run]]
# open_rtl_design -part xc3s1000ft256-4
Using Verific elaboration
Parsing VHDL file "D:/Programs/Xilinx/14.7/ISE_DS/PlanAhead/data/parts/xilinx/rtl/lib/synplify/synattr.vhd" into library synplify
Parsing VHDL file "D:/Programs/Xilinx/14.7/ISE_DS/PlanAhead/data/parts/xilinx/rtl/lib/synplify/synattr.vhd" into library synplify
Parsing VHDL file "C:/Users/Andrew/Documents/ISE Projects/VGA/vga_640x480.vhd" into library work
INFO: [Designutils 20-910] Reading macro library D:/Programs/Xilinx/14.7/ISE_DS/PlanAhead/data\./parts/xilinx/spartan3/hd_int_macros.edn
Parsing EDIF File [D:/Programs/Xilinx/14.7/ISE_DS/PlanAhead/data\./parts/xilinx/spartan3/hd_int_macros.edn]
Finished Parsing EDIF File [D:/Programs/Xilinx/14.7/ISE_DS/PlanAhead/data\./parts/xilinx/spartan3/hd_int_macros.edn]
Loading clock regions from D:/Programs/Xilinx/14.7/ISE_DS/PlanAhead/data\parts/xilinx/spartan3/spartan3/xc3s1000/ClockRegion.xml
Loading clock buffers from D:/Programs/Xilinx/14.7/ISE_DS/PlanAhead/data\parts/xilinx/spartan3/spartan3/xc3s1000/ClockBuffers.xml
Loading package from D:/Programs/Xilinx/14.7/ISE_DS/PlanAhead/data\parts/xilinx/spartan3/spartan3/xc3s1000/ft256/Package.xml
Loading io standards from D:/Programs/Xilinx/14.7/ISE_DS/PlanAhead/data\./parts/xilinx/spartan3/IOStandards.xml
INFO: [Device 21-19] Loading pkg sso from D:/Programs/Xilinx/14.7/ISE_DS/PlanAhead/data\parts/xilinx/spartan3/spartan3/xc3s1000/ft256/SSORules.xml
Loading list of drcs for the architecture : D:/Programs/Xilinx/14.7/ISE_DS/PlanAhead/data\./parts/xilinx/spartan3/drc.xml
INFO: [Timing 38-77] Reading timing library D:/Programs/Xilinx/14.7/ISE_DS/PlanAhead/data\parts/xilinx/spartan3/spartan3/spartan3-4.lib.
INFO: [Timing 38-34] Done reading timing library D:/Programs/Xilinx/14.7/ISE_DS/PlanAhead/data\parts/xilinx/spartan3/spartan3/spartan3-4.lib.
Parsing UCF File [C:/Users/Andrew/Documents/ISE Projects/VGA/clockmodule.ucf]
Finished Parsing UCF File [C:/Users/Andrew/Documents/ISE Projects/VGA/clockmodule.ucf]
INFO: [Project 1-111] Unisim Transformation Summary:
No Unisim elements were transformed.

Phase 0 | Netlist Checksum: 0678dfc1
open_rtl_design: Time (s): elapsed = 00:00:07 . Memory (MB): peak = 578.918 ; gain = 117.719
update_compile_order -fileset sim_1
exit
ERROR: [PlanAhead 12-106] *** Exception: ui.h.b: Found deleted key in HTclEventBroker. Verify if the classes listed here call cleanup()
HTclEvent: SIGNAL_BUS_MODIFY   Classes: ui.views.aR 
HTclEvent: DEBUG_PORT_CONFIG_CHANGE   Classes: ui.views.aR 
HTclEvent: DEBUG_CORE_CONFIG_CHANGE   Classes: ui.views.aR 
HTclEvent: SIGNAL_MODIFY   Classes: ui.views.aR 
 (See C:/Users/Andrew/Documents/ISE Projects/VGA\planAhead_pid11200.debug)
ERROR: [Common 17-39] 'stop_gui' failed due to earlier errors.
INFO: [Common 17-206] Exiting PlanAhead at Mon Nov 28 13:48:23 2016...
INFO: [Common 17-83] Releasing license: PlanAhead
