Command line:
   ssd_output_tb_isim_beh.exe
     -simmode  gui
     -simrunnum  1
     -socket  54538

Mon Nov 14 15:15:12 2016


 Elaboration Time: 0.046875 sec

 Current Memory Usage: 1499.22 Meg

 Total Signals          : 12
 Total Nets             : 18
 Total Signal Drivers   : 6
 Total Blocks           : 5
 Total Primitive Blocks : 3
 Total Processes        : 4
 Total Traceable Variables  : 14
 Total Scalar Nets and Variables : 502
Total Line Count : 26

 Total Simulation Time: 40.6875 sec

 Current Memory Usage: 870.04 Meg

Mon Nov 14 15:22:26 2016

