Release 14.7 - xst P.20131013 (nt64)
Copyright (c) 1995-2013 Xilinx, Inc.  All rights reserved.
--> Parameter TMPDIR set to xst/projnav.tmp


Total REAL time to Xst completion: 0.00 secs
Total CPU time to Xst completion: 0.06 secs
 
--> Parameter xsthdpdir set to xst


Total REAL time to Xst completion: 0.00 secs
Total CPU time to Xst completion: 0.06 secs
 
--> Reading design: Counter.prj

TABLE OF CONTENTS
  1) Synthesis Options Summary
  2) HDL Compilation
  3) Design Hierarchy Analysis
  4) HDL Analysis
  5) HDL Synthesis
     5.1) HDL Synthesis Report
  6) Advanced HDL Synthesis
     6.1) Advanced HDL Synthesis Report
  7) Low Level Synthesis
  8) Partition Report
  9) Final Report
	9.1) Device utilization summary
	9.2) Partition Resource Summary
	9.3) TIMING REPORT


=========================================================================
*                      Synthesis Options Summary                        *
=========================================================================
---- Source Parameters
Input File Name                    : "Counter.prj"
Input Format                       : mixed
Ignore Synthesis Constraint File   : NO

---- Target Parameters
Output File Name                   : "Counter"
Output Format                      : NGC
Target Device                      : xc3s1000-4-ft256

---- Source Options
Top Module Name                    : Counter
Automatic FSM Extraction           : YES
FSM Encoding Algorithm             : Auto
Safe Implementation                : No
FSM Style                          : LUT
RAM Extraction                     : Yes
RAM Style                          : Auto
ROM Extraction                     : Yes
Mux Style                          : Auto
Decoder Extraction                 : YES
Priority Encoder Extraction        : Yes
Shift Register Extraction          : YES
Logical Shifter Extraction         : YES
XOR Collapsing                     : YES
ROM Style                          : Auto
Mux Extraction                     : Yes
Resource Sharing                   : YES
Asynchronous To Synchronous        : NO
Multiplier Style                   : Auto
Automatic Register Balancing       : No

---- Target Options
Add IO Buffers                     : YES
Global Maximum Fanout              : 100000
Add Generic Clock Buffer(BUFG)     : 8
Register Duplication               : YES
Slice Packing                      : YES
Optimize Instantiated Primitives   : NO
Use Clock Enable                   : Yes
Use Synchronous Set                : Yes
Use Synchronous Reset              : Yes
Pack IO Registers into IOBs        : Auto
Equivalent register Removal        : YES

---- General Options
Optimization Goal                  : Speed
Optimization Effort                : 1
Keep Hierarchy                     : No
Netlist Hierarchy                  : As_Optimized
RTL Output                         : Yes
Global Optimization                : AllClockNets
Read Cores                         : YES
Write Timing Constraints           : NO
Cross Clock Analysis               : NO
Hierarchy Separator                : /
Bus Delimiter                      : <>
Case Specifier                     : Maintain
Slice Utilization Ratio            : 100
BRAM Utilization Ratio             : 100
Verilog 2001                       : YES
Auto BRAM Packing                  : NO
Slice Utilization Ratio Delta      : 5

=========================================================================


=========================================================================
*                          HDL Compilation                              *
=========================================================================
Compiling vhdl file "C:/Users/Andrew/Documents/ISE Projects/Counter/ssd_decoder.vhd" in Library work.
Entity <ssd_decoder> compiled.
Entity <ssd_decoder> (Architecture <Behavioral>) compiled.
Compiling vhdl file "C:/Users/Andrew/Documents/ISE Projects/Counter/Counter.vhd" in Library work.
Entity <Counter> compiled.
Entity <Counter> (Architecture <Behavioral>) compiled.

=========================================================================
*                     Design Hierarchy Analysis                         *
=========================================================================
Analyzing hierarchy for entity <Counter> in library <work> (architecture <Behavioral>).

Analyzing hierarchy for entity <ssd_decoder> in library <work> (architecture <Behavioral>).


=========================================================================
*                            HDL Analysis                               *
=========================================================================
Analyzing Entity <Counter> in library <work> (Architecture <Behavioral>).
Entity <Counter> analyzed. Unit <Counter> generated.

Analyzing Entity <ssd_decoder> in library <work> (Architecture <Behavioral>).
Entity <ssd_decoder> analyzed. Unit <ssd_decoder> generated.


=========================================================================
*                           HDL Synthesis                               *
=========================================================================

Performing bidirectional port resolution...

Synthesizing Unit <ssd_decoder>.
    Related source file is "C:/Users/Andrew/Documents/ISE Projects/Counter/ssd_decoder.vhd".
    Found 16x7-bit ROM for signal <Seg_Out>.
    Summary:
	inferred   1 ROM(s).
Unit <ssd_decoder> synthesized.


Synthesizing Unit <Counter>.
    Related source file is "C:/Users/Andrew/Documents/ISE Projects/Counter/Counter.vhd".
    Found 28-bit updown counter for signal <count_int>.
    Summary:
	inferred   1 Counter(s).
Unit <Counter> synthesized.


=========================================================================
HDL Synthesis Report

Macro Statistics
# ROMs                                                 : 1
 16x7-bit ROM                                          : 1
# Counters                                             : 1
 28-bit updown counter                                 : 1

=========================================================================

=========================================================================
*                       Advanced HDL Synthesis                          *
=========================================================================


=========================================================================
Advanced HDL Synthesis Report

Macro Statistics
# ROMs                                                 : 1
 16x7-bit ROM                                          : 1
# Counters                                             : 1
 28-bit updown counter                                 : 1

=========================================================================

=========================================================================
*                         Low Level Synthesis                           *
=========================================================================

Optimizing unit <Counter> ...

Mapping all equations...
Building and optimizing final netlist ...
Found area constraint ratio of 100 (+ 5) on block Counter, actual ratio is 0.

Final Macro Processing ...

=========================================================================
Final Register Report

Macro Statistics
# Registers                                            : 28
 Flip-Flops                                            : 28

=========================================================================

=========================================================================
*                           Partition Report                            *
=========================================================================

Partition Implementation Status
-------------------------------

  No Partitions were found in this design.

-------------------------------

=========================================================================
*                            Final Report                               *
=========================================================================
Final Results
RTL Top Level Output File Name     : Counter.ngr
Top Level Output File Name         : Counter
Output Format                      : NGC
Optimization Goal                  : Speed
Keep Hierarchy                     : No

Design Statistics
# IOs                              : 13

Cell Usage :
# BELS                             : 91
#      INV                         : 1
#      LUT2                        : 28
#      LUT4                        : 7
#      MUXCY                       : 27
#      XORCY                       : 28
# FlipFlops/Latches                : 28
#      FD                          : 28
# Clock Buffers                    : 1
#      BUFGP                       : 1
# IO Buffers                       : 12
#      IBUF                        : 1
#      OBUF                        : 11
=========================================================================

Device utilization summary:
---------------------------

Selected Device : 3s1000ft256-4 

 Number of Slices:                       18  out of   7680     0%  
 Number of Slice Flip Flops:             28  out of  15360     0%  
 Number of 4 input LUTs:                 36  out of  15360     0%  
 Number of IOs:                          13
 Number of bonded IOBs:                  13  out of    173     7%  
 Number of GCLKs:                         1  out of      8    12%  

---------------------------
Partition Resource Summary:
---------------------------

  No Partitions were found in this design.

---------------------------


=========================================================================
TIMING REPORT

NOTE: THESE TIMING NUMBERS ARE ONLY A SYNTHESIS ESTIMATE.
      FOR ACCURATE TIMING INFORMATION PLEASE REFER TO THE TRACE REPORT
      GENERATED AFTER PLACE-and-ROUTE.

Clock Information:
------------------
-----------------------------------+------------------------+-------+
Clock Signal                       | Clock buffer(FF name)  | Load  |
-----------------------------------+------------------------+-------+
clk                                | BUFGP                  | 28    |
-----------------------------------+------------------------+-------+

Asynchronous Control Signals Information:
----------------------------------------
No asynchronous control signals found in this design

Timing Summary:
---------------
Speed Grade: -4

   Minimum period: 5.538ns (Maximum Frequency: 180.571MHz)
   Minimum input arrival time before clock: 8.048ns
   Maximum output required time after clock: 9.179ns
   Maximum combinational path delay: No path found

Timing Detail:
--------------
All values displayed in nanoseconds (ns)

=========================================================================
Timing constraint: Default period analysis for Clock 'clk'
  Clock period: 5.538ns (frequency: 180.571MHz)
  Total number of paths / destination ports: 784 / 28
-------------------------------------------------------------------------
Delay:               5.538ns (Levels of Logic = 29)
  Source:            count_int_0 (FF)
  Destination:       count_int_27 (FF)
  Source Clock:      clk rising
  Destination Clock: clk rising

  Data Path: count_int_0 to count_int_27
                                Gate     Net
    Cell:in->out      fanout   Delay   Delay  Logical Name (Net Name)
    ----------------------------------------  ------------
     FD:C->Q               1   0.720   0.996  count_int_0 (count_int_0)
     LUT2:I1->O            1   0.551   0.000  Mcount_count_int_lut<0> (Mcount_count_int_lut<0>)
     MUXCY:S->O            1   0.500   0.000  Mcount_count_int_cy<0> (Mcount_count_int_cy<0>)
     MUXCY:CI->O           1   0.064   0.000  Mcount_count_int_cy<1> (Mcount_count_int_cy<1>)
     MUXCY:CI->O           1   0.064   0.000  Mcount_count_int_cy<2> (Mcount_count_int_cy<2>)
     MUXCY:CI->O           1   0.064   0.000  Mcount_count_int_cy<3> (Mcount_count_int_cy<3>)
     MUXCY:CI->O           1   0.064   0.000  Mcount_count_int_cy<4> (Mcount_count_int_cy<4>)
     MUXCY:CI->O           1   0.064   0.000  Mcount_count_int_cy<5> (Mcount_count_int_cy<5>)
     MUXCY:CI->O           1   0.064   0.000  Mcount_count_int_cy<6> (Mcount_count_int_cy<6>)
     MUXCY:CI->O           1   0.064   0.000  Mcount_count_int_cy<7> (Mcount_count_int_cy<7>)
     MUXCY:CI->O           1   0.064   0.000  Mcount_count_int_cy<8> (Mcount_count_int_cy<8>)
     MUXCY:CI->O           1   0.064   0.000  Mcount_count_int_cy<9> (Mcount_count_int_cy<9>)
     MUXCY:CI->O           1   0.064   0.000  Mcount_count_int_cy<10> (Mcount_count_int_cy<10>)
     MUXCY:CI->O           1   0.064   0.000  Mcount_count_int_cy<11> (Mcount_count_int_cy<11>)
     MUXCY:CI->O           1   0.064   0.000  Mcount_count_int_cy<12> (Mcount_count_int_cy<12>)
     MUXCY:CI->O           1   0.064   0.000  Mcount_count_int_cy<13> (Mcount_count_int_cy<13>)
     MUXCY:CI->O           1   0.064   0.000  Mcount_count_int_cy<14> (Mcount_count_int_cy<14>)
     MUXCY:CI->O           1   0.064   0.000  Mcount_count_int_cy<15> (Mcount_count_int_cy<15>)
     MUXCY:CI->O           1   0.064   0.000  Mcount_count_int_cy<16> (Mcount_count_int_cy<16>)
     MUXCY:CI->O           1   0.064   0.000  Mcount_count_int_cy<17> (Mcount_count_int_cy<17>)
     MUXCY:CI->O           1   0.064   0.000  Mcount_count_int_cy<18> (Mcount_count_int_cy<18>)
     MUXCY:CI->O           1   0.064   0.000  Mcount_count_int_cy<19> (Mcount_count_int_cy<19>)
     MUXCY:CI->O           1   0.064   0.000  Mcount_count_int_cy<20> (Mcount_count_int_cy<20>)
     MUXCY:CI->O           1   0.064   0.000  Mcount_count_int_cy<21> (Mcount_count_int_cy<21>)
     MUXCY:CI->O           1   0.064   0.000  Mcount_count_int_cy<22> (Mcount_count_int_cy<22>)
     MUXCY:CI->O           1   0.064   0.000  Mcount_count_int_cy<23> (Mcount_count_int_cy<23>)
     MUXCY:CI->O           1   0.064   0.000  Mcount_count_int_cy<24> (Mcount_count_int_cy<24>)
     MUXCY:CI->O           1   0.064   0.000  Mcount_count_int_cy<25> (Mcount_count_int_cy<25>)
     MUXCY:CI->O           0   0.064   0.000  Mcount_count_int_cy<26> (Mcount_count_int_cy<26>)
     XORCY:CI->O           1   0.904   0.000  Mcount_count_int_xor<27> (Result<27>)
     FD:D                      0.203          count_int_27
    ----------------------------------------
    Total                      5.538ns (4.542ns logic, 0.996ns route)
                                       (82.0% logic, 18.0% route)

=========================================================================
Timing constraint: Default OFFSET IN BEFORE for Clock 'clk'
  Total number of paths / destination ports: 434 / 28
-------------------------------------------------------------------------
Offset:              8.048ns (Levels of Logic = 31)
  Source:            direction (PAD)
  Destination:       count_int_27 (FF)
  Destination Clock: clk rising

  Data Path: direction to count_int_27
                                Gate     Net
    Cell:in->out      fanout   Delay   Delay  Logical Name (Net Name)
    ----------------------------------------  ------------
     IBUF:I->O            13   0.821   1.170  direction_IBUF (direction_IBUF)
     INV:I->O             17   0.551   1.684  direction_inv2_INV_0 (direction_inv)
     LUT2:I0->O            1   0.551   0.000  Mcount_count_int_lut<0> (Mcount_count_int_lut<0>)
     MUXCY:S->O            1   0.500   0.000  Mcount_count_int_cy<0> (Mcount_count_int_cy<0>)
     MUXCY:CI->O           1   0.064   0.000  Mcount_count_int_cy<1> (Mcount_count_int_cy<1>)
     MUXCY:CI->O           1   0.064   0.000  Mcount_count_int_cy<2> (Mcount_count_int_cy<2>)
     MUXCY:CI->O           1   0.064   0.000  Mcount_count_int_cy<3> (Mcount_count_int_cy<3>)
     MUXCY:CI->O           1   0.064   0.000  Mcount_count_int_cy<4> (Mcount_count_int_cy<4>)
     MUXCY:CI->O           1   0.064   0.000  Mcount_count_int_cy<5> (Mcount_count_int_cy<5>)
     MUXCY:CI->O           1   0.064   0.000  Mcount_count_int_cy<6> (Mcount_count_int_cy<6>)
     MUXCY:CI->O           1   0.064   0.000  Mcount_count_int_cy<7> (Mcount_count_int_cy<7>)
     MUXCY:CI->O           1   0.064   0.000  Mcount_count_int_cy<8> (Mcount_count_int_cy<8>)
     MUXCY:CI->O           1   0.064   0.000  Mcount_count_int_cy<9> (Mcount_count_int_cy<9>)
     MUXCY:CI->O           1   0.064   0.000  Mcount_count_int_cy<10> (Mcount_count_int_cy<10>)
     MUXCY:CI->O           1   0.064   0.000  Mcount_count_int_cy<11> (Mcount_count_int_cy<11>)
     MUXCY:CI->O           1   0.064   0.000  Mcount_count_int_cy<12> (Mcount_count_int_cy<12>)
     MUXCY:CI->O           1   0.064   0.000  Mcount_count_int_cy<13> (Mcount_count_int_cy<13>)
     MUXCY:CI->O           1   0.064   0.000  Mcount_count_int_cy<14> (Mcount_count_int_cy<14>)
     MUXCY:CI->O           1   0.064   0.000  Mcount_count_int_cy<15> (Mcount_count_int_cy<15>)
     MUXCY:CI->O           1   0.064   0.000  Mcount_count_int_cy<16> (Mcount_count_int_cy<16>)
     MUXCY:CI->O           1   0.064   0.000  Mcount_count_int_cy<17> (Mcount_count_int_cy<17>)
     MUXCY:CI->O           1   0.064   0.000  Mcount_count_int_cy<18> (Mcount_count_int_cy<18>)
     MUXCY:CI->O           1   0.064   0.000  Mcount_count_int_cy<19> (Mcount_count_int_cy<19>)
     MUXCY:CI->O           1   0.064   0.000  Mcount_count_int_cy<20> (Mcount_count_int_cy<20>)
     MUXCY:CI->O           1   0.064   0.000  Mcount_count_int_cy<21> (Mcount_count_int_cy<21>)
     MUXCY:CI->O           1   0.064   0.000  Mcount_count_int_cy<22> (Mcount_count_int_cy<22>)
     MUXCY:CI->O           1   0.064   0.000  Mcount_count_int_cy<23> (Mcount_count_int_cy<23>)
     MUXCY:CI->O           1   0.064   0.000  Mcount_count_int_cy<24> (Mcount_count_int_cy<24>)
     MUXCY:CI->O           1   0.064   0.000  Mcount_count_int_cy<25> (Mcount_count_int_cy<25>)
     MUXCY:CI->O           0   0.064   0.000  Mcount_count_int_cy<26> (Mcount_count_int_cy<26>)
     XORCY:CI->O           1   0.904   0.000  Mcount_count_int_xor<27> (Result<27>)
     FD:D                      0.203          count_int_27
    ----------------------------------------
    Total                      8.048ns (5.194ns logic, 2.854ns route)
                                       (64.5% logic, 35.5% route)

=========================================================================
Timing constraint: Default OFFSET OUT AFTER for Clock 'clk'
  Total number of paths / destination ports: 32 / 11
-------------------------------------------------------------------------
Offset:              9.179ns (Levels of Logic = 2)
  Source:            count_int_25 (FF)
  Destination:       Seg_Out<6> (PAD)
  Source Clock:      clk rising

  Data Path: count_int_25 to Seg_Out<6>
                                Gate     Net
    Cell:in->out      fanout   Delay   Delay  Logical Name (Net Name)
    ----------------------------------------  ------------
     FD:C->Q               9   0.720   1.463  count_int_25 (count_int_25)
     LUT4:I0->O            1   0.551   0.801  decoder1/Mrom_Seg_Out21 (Seg_Out_2_OBUF)
     OBUF:I->O                 5.644          Seg_Out_2_OBUF (Seg_Out<2>)
    ----------------------------------------
    Total                      9.179ns (6.915ns logic, 2.264ns route)
                                       (75.3% logic, 24.7% route)

=========================================================================


Total REAL time to Xst completion: 3.00 secs
Total CPU time to Xst completion: 3.08 secs
 
--> 

Total memory usage is 294156 kilobytes

Number of errors   :    0 (   0 filtered)
Number of warnings :    0 (   0 filtered)
Number of infos    :    0 (   0 filtered)

