#-----------------------------------------------------------
# PlanAhead v14.7 (64-bit)
# Build 321239 by xbuild on Fri Sep 27 19:29:51 MDT 2013
# Start of session at: Thu Jan 26 22:04:18 2017
# Process ID: 11260
# Log file: C:/Users/Andrew/Documents/ISE Projects/Hamsterworks_FPGA_course/module_4/planAhead_run_1/planAhead.log
# Journal file: C:/Users/Andrew/Documents/ISE Projects/Hamsterworks_FPGA_course/module_4/planAhead_run_1/planAhead.jou
#-----------------------------------------------------------
INFO: [Common 17-78] Attempting to get a license: PlanAhead
INFO: [Common 17-290] Got license for PlanAhead
INFO: [Common 17-86] Your PlanAhead license expires in 5 day(s)
INFO: [Device 21-36] Loading parts and site information from D:/Programs/Xilinx/14.7/ISE_DS/PlanAhead/data/parts/arch.xml
Parsing RTL primitives file [D:/Programs/Xilinx/14.7/ISE_DS/PlanAhead/data/parts/xilinx/rtl/prims/rtl_prims.xml]
Finished parsing RTL primitives file [D:/Programs/Xilinx/14.7/ISE_DS/PlanAhead/data/parts/xilinx/rtl/prims/rtl_prims.xml]
start_gui
source {C:/Users/Andrew/Documents/ISE Projects/Hamsterworks_FPGA_course/module_4/pa.fromHdl.tcl}
# create_project -name module_4 -dir "C:/Users/Andrew/Documents/ISE Projects/Hamsterworks_FPGA_course/module_4/planAhead_run_1" -part xc6slx16csg324-2
# set_param project.pinAheadLayout yes
# set srcset [get_property srcset [current_run -impl]]
# set_property target_constrs_file "module_4.ucf" [current_fileset -constrset]
Adding file 'C:/Users/Andrew/Documents/ISE Projects/Hamsterworks_FPGA_course/module_4/module_4.ucf' to fileset 'constrs_1'
# set hdlfile [add_files [list {module_4.vhd}]]
# set_property file_type VHDL $hdlfile
# set_property library work $hdlfile
# set_property top module_4 $srcset
# add_files [list {module_4.ucf}] -fileset [get_property constrset [current_run]]
# open_rtl_design -part xc6slx16csg324-2
Using Verific elaboration
Parsing VHDL file "D:/Programs/Xilinx/14.7/ISE_DS/PlanAhead/data/parts/xilinx/rtl/lib/synplify/synattr.vhd" into library synplify
Parsing VHDL file "D:/Programs/Xilinx/14.7/ISE_DS/PlanAhead/data/parts/xilinx/rtl/lib/synplify/synattr.vhd" into library synplify
Parsing VHDL file "C:/Users/Andrew/Documents/ISE Projects/Hamsterworks_FPGA_course/module_4/module_4.vhd" into library work
Loading clock regions from D:/Programs/Xilinx/14.7/ISE_DS/PlanAhead/data\parts/xilinx/spartan6/spartan6lx/xc6slx16/ClockRegion.xml
Loading clock buffers from D:/Programs/Xilinx/14.7/ISE_DS/PlanAhead/data\parts/xilinx/spartan6/spartan6lx/xc6slx16/ClockBuffers.xml
Loading package pin functions from D:/Programs/Xilinx/14.7/ISE_DS/PlanAhead/data\parts/xilinx/spartan6/PinFunctions.xml...
Loading package from D:/Programs/Xilinx/14.7/ISE_DS/PlanAhead/data\parts/xilinx/spartan6/spartan6lx/xc6slx16/csg324/Package.xml
Loading io standards from D:/Programs/Xilinx/14.7/ISE_DS/PlanAhead/data\./parts/xilinx/spartan6/IOStandards.xml
Loading device configuration modes from D:/Programs/Xilinx/14.7/ISE_DS/PlanAhead/data\parts/xilinx/spartan6/ConfigModes.xml
Loading list of drcs for the architecture : D:/Programs/Xilinx/14.7/ISE_DS/PlanAhead/data\./parts/xilinx/spartan6/drc.xml
Parsing UCF File [C:/Users/Andrew/Documents/ISE Projects/Hamsterworks_FPGA_course/module_4/module_4.ucf]
Finished Parsing UCF File [C:/Users/Andrew/Documents/ISE Projects/Hamsterworks_FPGA_course/module_4/module_4.ucf]
INFO: [Project 1-111] Unisim Transformation Summary:
No Unisim elements were transformed.

Phase 0 | Netlist Checksum: fdba4d11
open_rtl_design: Time (s): elapsed = 00:00:08 . Memory (MB): peak = 643.293 ; gain = 190.309
update_compile_order -fileset sim_1
exit
ERROR: [PlanAhead 12-106] *** Exception: ui.h.b: Found deleted key in HTclEventBroker. Verify if the classes listed here call cleanup()
HTclEvent: SIGNAL_BUS_MODIFY   Classes: ui.views.aR 
HTclEvent: DEBUG_PORT_CONFIG_CHANGE   Classes: ui.views.aR 
HTclEvent: SIGNAL_MODIFY   Classes: ui.views.aR 
HTclEvent: DEBUG_CORE_CONFIG_CHANGE   Classes: ui.views.aR 
 (See C:/Users/Andrew/Documents/ISE Projects/Hamsterworks_FPGA_course/module_4\planAhead_pid11260.debug)
ERROR: [Common 17-39] 'stop_gui' failed due to earlier errors.
INFO: [Common 17-206] Exiting PlanAhead at Thu Jan 26 22:06:05 2017...
INFO: [Common 17-83] Releasing license: PlanAhead
