Command line:
   ssd_output_isim_beh.exe
     -simmode  gui
     -simrunnum  0
     -socket  54225

Mon Nov 14 14:36:59 2016


 Elaboration Time: 0.015625 sec

 Current Memory Usage: 1342.4 Meg

 Total Signals          : 9
 Total Nets             : 18
 Total Signal Drivers   : 5
 Total Blocks           : 4
 Total Primitive Blocks : 3
 Total Processes        : 2
 Total Traceable Variables  : 13
 Total Scalar Nets and Variables : 501
Total Line Count : 19

 Total Simulation Time: 0.21875 sec

 Current Memory Usage: 1342.37 Meg

Mon Nov 14 14:37:38 2016

